2023-09-26 00:36:32,697 [Worker-4: Loading available Gradle versions] INFO  o.e.b.c.i.u.g.PublishedGradleVersions - Gradle version information cache is up-to-date. Trying to read.
2023-09-26 00:38:23,496 [Worker-16: Building] INFO  o.e.m.c.i.l.LifecycleMappingFactory - Using org.eclipse.m2e.jdt.JarLifecycleMapping lifecycle mapping for MavenProject: com.sy:SecondLevelCache:0.0.1-SNAPSHOT @ /home/bhojeshmanu/Documents/Hibernate/SecondLevelCache/pom.xml.
2023-09-26 00:38:24,461 [Worker-16: Building] INFO  o.e.m.c.i.e.AbstractTransferListenerAdapter - Downloading https://repo.maven.apache.org/maven2/net/sf/ehcache/ehcache/2.10.9.2/ehcache-2.10.9.2.pom
2023-09-26 00:38:24,554 [Worker-16: Building] INFO  o.e.m.c.i.e.AbstractTransferListenerAdapter - Downloaded https://repo.maven.apache.org/maven2/net/sf/ehcache/ehcache/2.10.9.2/ehcache-2.10.9.2.pom
2023-09-26 00:38:24,651 [Worker-16: Building] INFO  o.e.m.c.i.e.AbstractTransferListenerAdapter - Downloading https://repo.maven.apache.org/maven2/net/sf/ehcache/ehcache-root/2.10.9.2/ehcache-root-2.10.9.2.pom
2023-09-26 00:38:24,735 [Worker-16: Building] INFO  o.e.m.c.i.e.AbstractTransferListenerAdapter - Downloaded https://repo.maven.apache.org/maven2/net/sf/ehcache/ehcache-root/2.10.9.2/ehcache-root-2.10.9.2.pom
2023-09-26 00:38:24,789 [Worker-16: Building] INFO  o.e.m.c.i.e.AbstractTransferListenerAdapter - Downloading https://repo.maven.apache.org/maven2/net/sf/ehcache/ehcache-parent/2.25/ehcache-parent-2.25.pom
2023-09-26 00:38:24,854 [Worker-16: Building] INFO  o.e.m.c.i.e.AbstractTransferListenerAdapter - Downloaded https://repo.maven.apache.org/maven2/net/sf/ehcache/ehcache-parent/2.25/ehcache-parent-2.25.pom
2023-09-26 00:38:24,919 [Worker-16: Building] INFO  o.e.m.c.i.e.AbstractTransferListenerAdapter - Downloading https://repo.maven.apache.org/maven2/org/slf4j/slf4j-api/1.7.25/slf4j-api-1.7.25.pom
2023-09-26 00:38:24,971 [Worker-16: Building] INFO  o.e.m.c.i.e.AbstractTransferListenerAdapter - Downloaded https://repo.maven.apache.org/maven2/org/slf4j/slf4j-api/1.7.25/slf4j-api-1.7.25.pom
2023-09-26 00:38:25,025 [Worker-16: Building] INFO  o.e.m.c.i.e.AbstractTransferListenerAdapter - Downloading https://repo.maven.apache.org/maven2/org/slf4j/slf4j-parent/1.7.25/slf4j-parent-1.7.25.pom
2023-09-26 00:38:25,146 [Worker-16: Building] INFO  o.e.m.c.i.e.AbstractTransferListenerAdapter - Downloaded https://repo.maven.apache.org/maven2/org/slf4j/slf4j-parent/1.7.25/slf4j-parent-1.7.25.pom
2023-09-26 00:38:25,204 [Worker-16: Building] INFO  o.e.m.c.i.e.AbstractTransferListenerAdapter - Downloading https://repo.maven.apache.org/maven2/org/hibernate/hibernate-ehcache/5.6.14.Final/hibernate-ehcache-5.6.14.Final.pom
2023-09-26 00:38:25,253 [Worker-16: Building] INFO  o.e.m.c.i.e.AbstractTransferListenerAdapter - Downloaded https://repo.maven.apache.org/maven2/org/hibernate/hibernate-ehcache/5.6.14.Final/hibernate-ehcache-5.6.14.Final.pom
2023-09-26 00:38:25,323 [Worker-16: Building] INFO  o.e.m.c.i.e.AbstractTransferListenerAdapter - Downloading https://repo.maven.apache.org/maven2/net/sf/ehcache/ehcache/2.10.6/ehcache-2.10.6.pom
2023-09-26 00:38:25,392 [Worker-16: Building] INFO  o.e.m.c.i.e.AbstractTransferListenerAdapter - Downloaded https://repo.maven.apache.org/maven2/net/sf/ehcache/ehcache/2.10.6/ehcache-2.10.6.pom
2023-09-26 00:38:25,440 [Worker-16: Building] INFO  o.e.m.c.i.e.AbstractTransferListenerAdapter - Downloading https://repo.maven.apache.org/maven2/net/sf/ehcache/ehcache-root/2.10.6/ehcache-root-2.10.6.pom
2023-09-26 00:38:25,504 [Worker-16: Building] INFO  o.e.m.c.i.e.AbstractTransferListenerAdapter - Downloaded https://repo.maven.apache.org/maven2/net/sf/ehcache/ehcache-root/2.10.6/ehcache-root-2.10.6.pom
2023-09-26 00:38:25,574 [Worker-16: Building] INFO  o.e.m.c.i.e.AbstractTransferListenerAdapter - Downloading https://repo.maven.apache.org/maven2/net/sf/ehcache/ehcache-parent/2.22/ehcache-parent-2.22.pom
2023-09-26 00:38:25,621 [Worker-16: Building] INFO  o.e.m.c.i.e.AbstractTransferListenerAdapter - Downloaded https://repo.maven.apache.org/maven2/net/sf/ehcache/ehcache-parent/2.22/ehcache-parent-2.22.pom
2023-09-26 00:38:25,759 [AetherRepositoryConnector-repo.maven.apache.org-0-0] INFO  o.e.m.c.i.e.AbstractTransferListenerAdapter - Downloading https://repo.maven.apache.org/maven2/net/sf/ehcache/ehcache/2.10.9.2/ehcache-2.10.9.2.jar
2023-09-26 00:38:25,855 [AetherRepositoryConnector-repo.maven.apache.org-0-1] INFO  o.e.m.c.i.e.AbstractTransferListenerAdapter - Downloading https://repo.maven.apache.org/maven2/org/slf4j/slf4j-api/1.7.25/slf4j-api-1.7.25.jar
2023-09-26 00:38:25,858 [AetherRepositoryConnector-repo.maven.apache.org-0-2] INFO  o.e.m.c.i.e.AbstractTransferListenerAdapter - Downloading https://repo.maven.apache.org/maven2/org/hibernate/hibernate-ehcache/5.6.14.Final/hibernate-ehcache-5.6.14.Final.jar
2023-09-26 00:38:26,271 [AetherRepositoryConnector-repo.maven.apache.org-0-1] INFO  o.e.m.c.i.e.AbstractTransferListenerAdapter - Downloaded https://repo.maven.apache.org/maven2/org/slf4j/slf4j-api/1.7.25/slf4j-api-1.7.25.jar
2023-09-26 00:38:26,338 [AetherRepositoryConnector-repo.maven.apache.org-0-2] INFO  o.e.m.c.i.e.AbstractTransferListenerAdapter - Downloaded https://repo.maven.apache.org/maven2/org/hibernate/hibernate-ehcache/5.6.14.Final/hibernate-ehcache-5.6.14.Final.jar
2023-09-26 00:38:28,143 [AetherRepositoryConnector-repo.maven.apache.org-0-0] INFO  o.e.m.c.i.e.AbstractTransferListenerAdapter - Downloaded https://repo.maven.apache.org/maven2/net/sf/ehcache/ehcache/2.10.9.2/ehcache-2.10.9.2.jar
2023-09-26 00:38:29,604 [Worker-16: Building] INFO  o.a.m.s.f.DefaultMavenResourcesFiltering - skip non existing resourceDirectory /home/bhojeshmanu/Documents/Hibernate/SecondLevelCache/src/main/resources
2023-09-26 00:38:29,617 [Worker-16: Building] INFO  o.a.m.s.f.DefaultMavenResourcesFiltering - skip non existing resourceDirectory /home/bhojeshmanu/Documents/Hibernate/SecondLevelCache/src/test/resources
2023-09-26 00:38:31,135 [Worker-16: Download sources and javadoc] INFO  o.e.m.c.i.e.AbstractTransferListenerAdapter - Downloading https://repo.maven.apache.org/maven2/net/sf/ehcache/ehcache/2.10.9.2/ehcache-2.10.9.2-sources.jar
2023-09-26 00:38:33,606 [Worker-16: Download sources and javadoc] INFO  o.e.m.c.i.e.AbstractTransferListenerAdapter - Downloaded https://repo.maven.apache.org/maven2/net/sf/ehcache/ehcache/2.10.9.2/ehcache-2.10.9.2-sources.jar
2023-09-26 00:38:33,609 [Worker-16: Download sources and javadoc] INFO  o.e.m.j.internal.DownloadSourcesJob - Downloaded sources for net.sf.ehcache:ehcache:2.10.9.2
2023-09-26 00:38:33,806 [Worker-16: Download sources and javadoc] INFO  o.e.m.c.i.e.AbstractTransferListenerAdapter - Downloading https://repo.maven.apache.org/maven2/org/slf4j/slf4j-api/1.7.25/slf4j-api-1.7.25-sources.jar
2023-09-26 00:38:33,902 [Worker-16: Download sources and javadoc] INFO  o.e.m.c.i.e.AbstractTransferListenerAdapter - Downloaded https://repo.maven.apache.org/maven2/org/slf4j/slf4j-api/1.7.25/slf4j-api-1.7.25-sources.jar
2023-09-26 00:38:33,905 [Worker-16: Download sources and javadoc] INFO  o.e.m.j.internal.DownloadSourcesJob - Downloaded sources for org.slf4j:slf4j-api:1.7.25
2023-09-26 00:38:34,089 [Worker-16: Download sources and javadoc] INFO  o.e.m.c.i.e.AbstractTransferListenerAdapter - Downloading https://repo.maven.apache.org/maven2/org/hibernate/hibernate-ehcache/5.6.14.Final/hibernate-ehcache-5.6.14.Final-sources.jar
2023-09-26 00:38:34,205 [Worker-16: Download sources and javadoc] INFO  o.e.m.c.i.e.AbstractTransferListenerAdapter - Downloaded https://repo.maven.apache.org/maven2/org/hibernate/hibernate-ehcache/5.6.14.Final/hibernate-ehcache-5.6.14.Final-sources.jar
2023-09-26 00:38:34,209 [Worker-16: Download sources and javadoc] INFO  o.e.m.j.internal.DownloadSourcesJob - Downloaded sources for org.hibernate:hibernate-ehcache:5.6.14.Final
2023-09-26 00:38:39,788 [Worker-12: Updating Maven Dependencies] INFO  o.e.m.c.i.l.LifecycleMappingFactory - Using org.eclipse.m2e.jdt.JarLifecycleMapping lifecycle mapping for MavenProject: com.sy:Producer_Consumer_Cache:0.0.1-SNAPSHOT @ /home/bhojeshmanu/Documents/Hibernate/Producer_Consumer_Cache/pom.xml.
2023-09-26 00:38:40,149 [Worker-3: Building] INFO  o.e.m.c.i.l.LifecycleMappingFactory - Using org.eclipse.m2e.jdt.JarLifecycleMapping lifecycle mapping for MavenProject: com.sy:Producer_Consumer_Cache:0.0.1-SNAPSHOT @ /home/bhojeshmanu/Documents/Hibernate/Producer_Consumer_Cache/pom.xml.
2023-09-26 00:38:40,457 [Worker-3: Building] INFO  o.a.m.s.f.DefaultMavenResourcesFiltering - skip non existing resourceDirectory /home/bhojeshmanu/Documents/Hibernate/Producer_Consumer_Cache/src/main/resources
2023-09-26 00:38:40,464 [Worker-3: Building] INFO  o.a.m.s.f.DefaultMavenResourcesFiltering - skip non existing resourceDirectory /home/bhojeshmanu/Documents/Hibernate/Producer_Consumer_Cache/src/test/resources
2023-09-26 00:38:41,664 [Worker-3: Updating Maven Dependencies] INFO  o.e.m.c.i.l.LifecycleMappingFactory - Using org.eclipse.m2e.jdt.JarLifecycleMapping lifecycle mapping for MavenProject: com.sy:Producer_Consumer_Cache:0.0.1-SNAPSHOT @ /home/bhojeshmanu/Documents/Hibernate/Producer_Consumer_Cache/pom.xml.
2023-09-26 00:39:01,099 [Worker-19: Building] INFO  o.e.m.c.i.l.LifecycleMappingFactory - Using org.eclipse.m2e.jdt.JarLifecycleMapping lifecycle mapping for MavenProject: com.jsp:Person_Details:0.0.1-SNAPSHOT @ /home/bhojeshmanu/Documents/Hibernate/Person_Details/pom.xml.
2023-09-26 00:39:01,730 [Worker-19: Building] INFO  o.e.m.c.i.embedder.EclipseLogger - Using 'UTF-8' encoding to copy filtered resources.
2023-09-26 00:39:01,730 [Worker-19: Building] INFO  o.e.m.c.i.embedder.EclipseLogger - skip non existing resourceDirectory /home/bhojeshmanu/Documents/Hibernate/Person_Details/src/main/resources
2023-09-26 00:39:01,742 [Worker-19: Building] INFO  o.e.m.c.i.embedder.EclipseLogger - Using 'UTF-8' encoding to copy filtered resources.
2023-09-26 00:39:01,743 [Worker-19: Building] INFO  o.e.m.c.i.embedder.EclipseLogger - skip non existing resourceDirectory /home/bhojeshmanu/Documents/Hibernate/Person_Details/src/test/resources
2023-09-26 00:39:02,303 [Worker-7: Updating Maven Dependencies] INFO  o.e.m.c.i.l.LifecycleMappingFactory - Using org.eclipse.m2e.jdt.JarLifecycleMapping lifecycle mapping for MavenProject: com.jsp:Person_Details:0.0.1-SNAPSHOT @ /home/bhojeshmanu/Documents/Hibernate/Person_Details/pom.xml.
2023-09-26 00:39:19,784 [Worker-18: Building] INFO  o.e.m.c.i.l.LifecycleMappingFactory - Using org.eclipse.m2e.jdt.JarLifecycleMapping lifecycle mapping for MavenProject: com.onetoone:OneToOne_Mapping:0.0.1-SNAPSHOT @ /home/bhojeshmanu/Documents/Hibernate/OneToOne_Mapping/pom.xml.
2023-09-26 00:39:20,093 [Worker-12: Updating Maven Dependencies] INFO  o.e.m.c.i.l.LifecycleMappingFactory - Using org.eclipse.m2e.jdt.JarLifecycleMapping lifecycle mapping for MavenProject: com.onetoone:OneToOne_Mapping:0.0.1-SNAPSHOT @ /home/bhojeshmanu/Documents/Hibernate/OneToOne_Mapping/pom.xml.
2023-09-26 00:39:20,163 [Worker-18: Building] INFO  o.e.m.c.i.embedder.EclipseLogger - Using 'UTF-8' encoding to copy filtered resources.
2023-09-26 00:39:20,163 [Worker-18: Building] INFO  o.e.m.c.i.embedder.EclipseLogger - skip non existing resourceDirectory /home/bhojeshmanu/Documents/Hibernate/OneToOne_Mapping/src/main/resources
2023-09-26 00:39:20,169 [Worker-18: Building] INFO  o.e.m.c.i.embedder.EclipseLogger - Using 'UTF-8' encoding to copy filtered resources.
2023-09-26 00:39:20,169 [Worker-18: Building] INFO  o.e.m.c.i.embedder.EclipseLogger - skip non existing resourceDirectory /home/bhojeshmanu/Documents/Hibernate/OneToOne_Mapping/src/test/resources
2023-09-26 00:39:41,915 [Worker-16: Building] INFO  o.e.m.c.i.l.LifecycleMappingFactory - Using org.eclipse.m2e.jdt.JarLifecycleMapping lifecycle mapping for MavenProject: com.sy:OneToOneEx2:0.0.1-SNAPSHOT @ /home/bhojeshmanu/Documents/Hibernate/OneToOneEx2/pom.xml.
2023-09-26 00:39:42,028 [Worker-16: Building] INFO  o.a.m.s.f.DefaultMavenResourcesFiltering - skip non existing resourceDirectory /home/bhojeshmanu/Documents/Hibernate/OneToOneEx2/src/main/resources
2023-09-26 00:39:42,031 [Worker-16: Building] INFO  o.a.m.s.f.DefaultMavenResourcesFiltering - skip non existing resourceDirectory /home/bhojeshmanu/Documents/Hibernate/OneToOneEx2/src/test/resources
2023-09-26 00:39:42,244 [Worker-16: Updating Maven Dependencies] INFO  o.e.m.c.i.l.LifecycleMappingFactory - Using org.eclipse.m2e.jdt.JarLifecycleMapping lifecycle mapping for MavenProject: com.sy:OneToOneEx2:0.0.1-SNAPSHOT @ /home/bhojeshmanu/Documents/Hibernate/OneToOneEx2/pom.xml.
2023-09-26 00:40:00,939 [Worker-19: Building] INFO  o.e.m.c.i.l.LifecycleMappingFactory - Using org.eclipse.m2e.jdt.JarLifecycleMapping lifecycle mapping for MavenProject: com.sy:OneToMany_Mapping:0.0.1-SNAPSHOT @ /home/bhojeshmanu/Documents/Hibernate/OneToMany_Mapping/pom.xml.
2023-09-26 00:40:01,082 [Worker-19: Building] INFO  o.a.m.s.f.DefaultMavenResourcesFiltering - skip non existing resourceDirectory /home/bhojeshmanu/Documents/Hibernate/OneToMany_Mapping/src/main/resources
2023-09-26 00:40:01,086 [Worker-19: Building] INFO  o.a.m.s.f.DefaultMavenResourcesFiltering - skip non existing resourceDirectory /home/bhojeshmanu/Documents/Hibernate/OneToMany_Mapping/src/test/resources
2023-09-26 00:40:01,210 [Worker-3: Updating Maven Dependencies] INFO  o.e.m.c.i.l.LifecycleMappingFactory - Using org.eclipse.m2e.jdt.JarLifecycleMapping lifecycle mapping for MavenProject: com.sy:OneToMany_Mapping:0.0.1-SNAPSHOT @ /home/bhojeshmanu/Documents/Hibernate/OneToMany_Mapping/pom.xml.
2023-09-26 00:40:30,161 [Worker-20: Building] INFO  o.e.m.c.i.l.LifecycleMappingFactory - Using org.eclipse.m2e.jdt.JarLifecycleMapping lifecycle mapping for MavenProject: com.sy:OneToMany_ManyToOne:0.0.1-SNAPSHOT @ /home/bhojeshmanu/Documents/Hibernate/OneToMany_ManyToOne/pom.xml.
2023-09-26 00:40:30,276 [Worker-20: Building] INFO  o.a.m.s.f.DefaultMavenResourcesFiltering - skip non existing resourceDirectory /home/bhojeshmanu/Documents/Hibernate/OneToMany_ManyToOne/src/main/resources
2023-09-26 00:40:30,279 [Worker-20: Building] INFO  o.a.m.s.f.DefaultMavenResourcesFiltering - skip non existing resourceDirectory /home/bhojeshmanu/Documents/Hibernate/OneToMany_ManyToOne/src/test/resources
2023-09-26 00:40:30,656 [Worker-3: Updating Maven Dependencies] INFO  o.e.m.c.i.l.LifecycleMappingFactory - Using org.eclipse.m2e.jdt.JarLifecycleMapping lifecycle mapping for MavenProject: com.sy:OneToMany_ManyToOne:0.0.1-SNAPSHOT @ /home/bhojeshmanu/Documents/Hibernate/OneToMany_ManyToOne/pom.xml.
2023-09-26 00:42:04,170 [Worker-17: Building] INFO  o.e.m.c.i.l.LifecycleMappingFactory - Using org.eclipse.m2e.jdt.JarLifecycleMapping lifecycle mapping for MavenProject: com.sy:ManyToOne:0.0.1-SNAPSHOT @ /home/bhojeshmanu/Documents/Hibernate/ManyToOne_Mapping/pom.xml.
2023-09-26 00:42:04,261 [Worker-17: Building] INFO  o.a.m.s.f.DefaultMavenResourcesFiltering - skip non existing resourceDirectory /home/bhojeshmanu/Documents/Hibernate/ManyToOne_Mapping/src/main/resources
2023-09-26 00:42:04,265 [Worker-17: Building] INFO  o.a.m.s.f.DefaultMavenResourcesFiltering - skip non existing resourceDirectory /home/bhojeshmanu/Documents/Hibernate/ManyToOne_Mapping/src/test/resources
2023-09-26 00:42:04,494 [Worker-22: Updating Maven Dependencies] INFO  o.e.m.c.i.l.LifecycleMappingFactory - Using org.eclipse.m2e.jdt.JarLifecycleMapping lifecycle mapping for MavenProject: com.sy:ManyToOne:0.0.1-SNAPSHOT @ /home/bhojeshmanu/Documents/Hibernate/ManyToOne_Mapping/pom.xml.
2023-09-26 00:42:35,934 [Worker-19: Building] INFO  o.e.m.c.i.l.LifecycleMappingFactory - Using org.eclipse.m2e.jdt.JarLifecycleMapping lifecycle mapping for MavenProject: com.sy:ManyToMany:0.0.1-SNAPSHOT @ /home/bhojeshmanu/Documents/Hibernate/ManyToMany_Mapping/pom.xml.
2023-09-26 00:42:36,064 [Worker-19: Building] INFO  o.a.m.s.f.DefaultMavenResourcesFiltering - skip non existing resourceDirectory /home/bhojeshmanu/Documents/Hibernate/ManyToMany_Mapping/src/main/resources
2023-09-26 00:42:36,068 [Worker-19: Building] INFO  o.a.m.s.f.DefaultMavenResourcesFiltering - skip non existing resourceDirectory /home/bhojeshmanu/Documents/Hibernate/ManyToMany_Mapping/src/test/resources
2023-09-26 00:42:36,171 [Worker-15: Updating Maven Dependencies] INFO  o.e.m.c.i.l.LifecycleMappingFactory - Using org.eclipse.m2e.jdt.JarLifecycleMapping lifecycle mapping for MavenProject: com.sy:ManyToMany:0.0.1-SNAPSHOT @ /home/bhojeshmanu/Documents/Hibernate/ManyToMany_Mapping/pom.xml.
2023-09-26 00:43:06,653 [Worker-17: Building] INFO  o.e.m.c.i.l.LifecycleMappingFactory - Using org.eclipse.m2e.jdt.JarLifecycleMapping lifecycle mapping for MavenProject: com.sy:ManyToManyBi:0.0.1-SNAPSHOT @ /home/bhojeshmanu/Documents/Hibernate/ManyToManyBi/pom.xml.
2023-09-26 00:43:06,779 [Worker-17: Building] INFO  o.a.m.s.f.DefaultMavenResourcesFiltering - skip non existing resourceDirectory /home/bhojeshmanu/Documents/Hibernate/ManyToManyBi/src/main/resources
2023-09-26 00:43:06,784 [Worker-17: Building] INFO  o.a.m.s.f.DefaultMavenResourcesFiltering - skip non existing resourceDirectory /home/bhojeshmanu/Documents/Hibernate/ManyToManyBi/src/test/resources
2023-09-26 00:43:07,191 [Worker-19: Updating Maven Dependencies] INFO  o.e.m.c.i.l.LifecycleMappingFactory - Using org.eclipse.m2e.jdt.JarLifecycleMapping lifecycle mapping for MavenProject: com.sy:ManyToManyBi:0.0.1-SNAPSHOT @ /home/bhojeshmanu/Documents/Hibernate/ManyToManyBi/pom.xml.
2023-09-26 00:43:26,618 [Worker-23: Building] INFO  o.e.m.c.i.l.LifecycleMappingFactory - Using org.eclipse.m2e.jdt.JarLifecycleMapping lifecycle mapping for MavenProject: com.sy:SingleLevelCache:0.0.1-SNAPSHOT @ /home/bhojeshmanu/Documents/Hibernate/FirstLevelCache/pom.xml.
2023-09-26 00:43:26,724 [Worker-23: Building] INFO  o.a.m.s.f.DefaultMavenResourcesFiltering - skip non existing resourceDirectory /home/bhojeshmanu/Documents/Hibernate/FirstLevelCache/src/main/resources
2023-09-26 00:43:26,727 [Worker-23: Building] INFO  o.a.m.s.f.DefaultMavenResourcesFiltering - skip non existing resourceDirectory /home/bhojeshmanu/Documents/Hibernate/FirstLevelCache/src/test/resources
2023-09-26 00:43:26,957 [Worker-22: Updating Maven Dependencies] INFO  o.e.m.c.i.l.LifecycleMappingFactory - Using org.eclipse.m2e.jdt.JarLifecycleMapping lifecycle mapping for MavenProject: com.sy:SingleLevelCache:0.0.1-SNAPSHOT @ /home/bhojeshmanu/Documents/Hibernate/FirstLevelCache/pom.xml.
2023-09-26 00:43:52,617 [Worker-23: Building] INFO  o.e.m.c.i.l.LifecycleMappingFactory - Using org.eclipse.m2e.jdt.JarLifecycleMapping lifecycle mapping for MavenProject: com.sy:CrudOparationUsingJPA:0.0.1-SNAPSHOT @ /home/bhojeshmanu/Documents/Hibernate/CrudOparationUsingJPA/pom.xml.
2023-09-26 00:43:52,742 [Worker-23: Building] INFO  o.a.m.s.f.DefaultMavenResourcesFiltering - skip non existing resourceDirectory /home/bhojeshmanu/Documents/Hibernate/CrudOparationUsingJPA/src/main/resources
2023-09-26 00:43:52,745 [Worker-23: Building] INFO  o.a.m.s.f.DefaultMavenResourcesFiltering - skip non existing resourceDirectory /home/bhojeshmanu/Documents/Hibernate/CrudOparationUsingJPA/src/test/resources
2023-09-26 00:43:53,120 [Worker-23: Updating Maven Dependencies] INFO  o.e.m.c.i.l.LifecycleMappingFactory - Using org.eclipse.m2e.jdt.JarLifecycleMapping lifecycle mapping for MavenProject: com.sy:CrudOparationUsingJPA:0.0.1-SNAPSHOT @ /home/bhojeshmanu/Documents/Hibernate/CrudOparationUsingJPA/pom.xml.
2023-09-26 00:44:14,534 [Worker-15: Building] INFO  o.e.m.c.i.l.LifecycleMappingFactory - Using org.eclipse.m2e.jdt.JarLifecycleMapping lifecycle mapping for MavenProject: com.sy:CriteriaAPI_JPA:0.0.1-SNAPSHOT @ /home/bhojeshmanu/Documents/Hibernate/CriteriaAPI_JPA/pom.xml.
2023-09-26 00:44:14,653 [Worker-15: Building] WARN  o.e.m.c.i.embedder.EclipseLogger - The POM for com.sy:CriteriaAPI:jar:0.0.1-SNAPSHOT is missing, no dependency information available
2023-09-26 00:44:14,688 [Worker-15: Building] INFO  o.a.m.s.f.DefaultMavenResourcesFiltering - skip non existing resourceDirectory /home/bhojeshmanu/Documents/Hibernate/CriteriaAPI_JPA/src/main/resources
2023-09-26 00:44:14,692 [Worker-15: Building] INFO  o.a.m.s.f.DefaultMavenResourcesFiltering - skip non existing resourceDirectory /home/bhojeshmanu/Documents/Hibernate/CriteriaAPI_JPA/src/test/resources
2023-09-26 00:44:14,804 [Worker-20: Updating Maven Dependencies] INFO  o.e.m.c.i.l.LifecycleMappingFactory - Using org.eclipse.m2e.jdt.JarLifecycleMapping lifecycle mapping for MavenProject: com.sy:CriteriaAPI_JPA:0.0.1-SNAPSHOT @ /home/bhojeshmanu/Documents/Hibernate/CriteriaAPI_JPA/pom.xml.
2023-09-26 00:44:14,919 [Worker-20: Updating Maven Dependencies] WARN  o.e.m.c.i.embedder.EclipseLogger - The POM for com.sy:CriteriaAPI:jar:0.0.1-SNAPSHOT is missing, no dependency information available
2023-09-26 00:44:15,741 [Worker-19: Download sources and javadoc] ERROR o.e.m.j.internal.DownloadSourcesJob - Could not download sources for com.sy:CriteriaAPI:0.0.1-SNAPSHOT
org.eclipse.core.runtime.CoreException: Could not resolve artifact com.sy:CriteriaAPI:jar:sources:0.0.1-SNAPSHOT
	at org.eclipse.m2e.core.internal.embedder.MavenImpl.lambda$6(MavenImpl.java:584)
	at org.eclipse.m2e.core.internal.embedder.MavenExecutionContext.executeBare(MavenExecutionContext.java:394)
	at org.eclipse.m2e.core.internal.embedder.MavenExecutionContext.execute(MavenExecutionContext.java:228)
	at org.eclipse.m2e.core.internal.embedder.MavenExecutionContext.execute(MavenExecutionContext.java:214)
	at org.eclipse.m2e.core.internal.embedder.MavenImpl.resolve(MavenImpl.java:553)
	at org.eclipse.m2e.core.internal.embedder.MavenImpl.resolve(MavenImpl.java:538)
	at org.eclipse.m2e.jdt.internal.DownloadSourcesJob.download(DownloadSourcesJob.java:308)
	at org.eclipse.m2e.jdt.internal.DownloadSourcesJob.downloadAttachments(DownloadSourcesJob.java:282)
	at org.eclipse.m2e.jdt.internal.DownloadSourcesJob.downloadMaven(DownloadSourcesJob.java:252)
	at org.eclipse.m2e.jdt.internal.DownloadSourcesJob.downloadFilesAndPopulateToUpdate(DownloadSourcesJob.java:220)
	at org.eclipse.m2e.jdt.internal.DownloadSourcesJob.lambda$0(DownloadSourcesJob.java:149)
	at org.eclipse.m2e.core.internal.embedder.MavenExecutionContext.executeBare(MavenExecutionContext.java:394)
	at org.eclipse.m2e.core.internal.embedder.MavenExecutionContext.execute(MavenExecutionContext.java:275)
	at org.eclipse.m2e.core.internal.embedder.MavenExecutionContext.execute(MavenExecutionContext.java:214)
	at org.eclipse.m2e.core.embedder.IMaven.execute(IMaven.java:294)
	at org.eclipse.m2e.jdt.internal.DownloadSourcesJob.run(DownloadSourcesJob.java:149)
	at org.eclipse.core.internal.jobs.Worker.run(Worker.java:63)
2023-09-26 00:44:42,129 [Worker-22: Building] INFO  o.e.m.c.i.l.LifecycleMappingFactory - Using org.eclipse.m2e.jdt.JarLifecycleMapping lifecycle mapping for MavenProject: com.sy:CriteriaAPI:0.0.1-SNAPSHOT @ /home/bhojeshmanu/Documents/Hibernate/CriteriaAPI/pom.xml.
2023-09-26 00:44:42,252 [Worker-22: Building] INFO  o.e.m.c.i.l.LifecycleMappingFactory - Using org.eclipse.m2e.jdt.JarLifecycleMapping lifecycle mapping for MavenProject: com.sy:CriteriaAPI_JPA:0.0.1-SNAPSHOT @ /home/bhojeshmanu/Documents/Hibernate/CriteriaAPI_JPA/pom.xml.
2023-09-26 00:44:42,265 [Worker-22: Building] INFO  o.e.m.c.i.p.WorkspaceClassifierResolverManager - Resolving P/CriteriaAPI: com.sy:CriteriaAPI:0.0.1-SNAPSHOT with classifier  to /CriteriaAPI/target/classes
2023-09-26 00:44:42,316 [Worker-22: Building] INFO  o.a.m.s.f.DefaultMavenResourcesFiltering - skip non existing resourceDirectory /home/bhojeshmanu/Documents/Hibernate/CriteriaAPI/src/main/resources
2023-09-26 00:44:42,319 [Worker-22: Building] INFO  o.a.m.s.f.DefaultMavenResourcesFiltering - skip non existing resourceDirectory /home/bhojeshmanu/Documents/Hibernate/CriteriaAPI/src/test/resources
2023-09-26 00:44:42,799 [Worker-23: Updating Maven Dependencies] INFO  o.e.m.c.i.l.LifecycleMappingFactory - Using org.eclipse.m2e.jdt.JarLifecycleMapping lifecycle mapping for MavenProject: com.sy:CriteriaAPI:0.0.1-SNAPSHOT @ /home/bhojeshmanu/Documents/Hibernate/CriteriaAPI/pom.xml.
2023-09-26 00:44:44,408 [Worker-22: Building] INFO  o.a.m.s.f.DefaultMavenResourcesFiltering - skip non existing resourceDirectory /home/bhojeshmanu/Documents/Hibernate/CriteriaAPI/src/main/resources
2023-09-26 00:44:44,410 [Worker-22: Building] INFO  o.a.m.s.f.DefaultMavenResourcesFiltering - skip non existing resourceDirectory /home/bhojeshmanu/Documents/Hibernate/CriteriaAPI/src/test/resources
2023-09-26 00:45:03,988 [Worker-24: Building] INFO  o.e.m.c.i.l.LifecycleMappingFactory - Using org.eclipse.m2e.jdt.JarLifecycleMapping lifecycle mapping for MavenProject: com.sy:Company_Employee:0.0.1-SNAPSHOT @ /home/bhojeshmanu/Documents/Hibernate/Company_EmployeeJPA/pom.xml.
2023-09-26 00:45:04,267 [Worker-24: Building] INFO  o.a.m.s.f.DefaultMavenResourcesFiltering - skip non existing resourceDirectory /home/bhojeshmanu/Documents/Hibernate/Company_EmployeeJPA/src/main/resources
2023-09-26 00:45:04,273 [Worker-24: Building] INFO  o.a.m.s.f.DefaultMavenResourcesFiltering - skip non existing resourceDirectory /home/bhojeshmanu/Documents/Hibernate/Company_EmployeeJPA/src/test/resources
2023-09-26 00:45:04,384 [Worker-22: Updating Maven Dependencies] INFO  o.e.m.c.i.l.LifecycleMappingFactory - Using org.eclipse.m2e.jdt.JarLifecycleMapping lifecycle mapping for MavenProject: com.sy:Company_Employee:0.0.1-SNAPSHOT @ /home/bhojeshmanu/Documents/Hibernate/Company_EmployeeJPA/pom.xml.
2023-09-26 00:45:26,148 [Worker-15: Building] INFO  o.e.m.c.i.l.LifecycleMappingFactory - Using org.eclipse.m2e.jdt.JarLifecycleMapping lifecycle mapping for MavenProject: com.sy:Assignment:0.0.1-SNAPSHOT @ /home/bhojeshmanu/Documents/Hibernate/Assignment/pom.xml.
2023-09-26 00:45:26,306 [Worker-15: Building] INFO  o.e.m.c.i.embedder.EclipseLogger - Using 'UTF-8' encoding to copy filtered resources.
2023-09-26 00:45:26,306 [Worker-15: Building] INFO  o.e.m.c.i.embedder.EclipseLogger - skip non existing resourceDirectory /home/bhojeshmanu/Documents/Hibernate/Assignment/src/main/resources
2023-09-26 00:45:26,310 [Worker-15: Building] INFO  o.e.m.c.i.embedder.EclipseLogger - Using 'UTF-8' encoding to copy filtered resources.
2023-09-26 00:45:26,311 [Worker-15: Building] INFO  o.e.m.c.i.embedder.EclipseLogger - skip non existing resourceDirectory /home/bhojeshmanu/Documents/Hibernate/Assignment/src/test/resources
2023-09-26 00:45:26,616 [Worker-15: Updating Maven Dependencies] INFO  o.e.m.c.i.l.LifecycleMappingFactory - Using org.eclipse.m2e.jdt.JarLifecycleMapping lifecycle mapping for MavenProject: com.sy:Assignment:0.0.1-SNAPSHOT @ /home/bhojeshmanu/Documents/Hibernate/Assignment/pom.xml.
2023-09-26 00:55:32,165 [Worker-27: Updating Maven Project] INFO  o.e.m.c.i.p.ProjectConfigurationManager - Update started
2023-09-26 00:55:32,791 [Worker-27: Updating Maven Project] INFO  o.e.m.c.i.l.LifecycleMappingFactory - Using org.eclipse.m2e.jdt.JarLifecycleMapping lifecycle mapping for MavenProject: com.sy:Assignment:0.0.1-SNAPSHOT @ /home/bhojeshmanu/Documents/Hibernate/Assignment/pom.xml.
2023-09-26 00:55:33,066 [Worker-27: Updating Maven Project] INFO  o.e.m.c.i.l.LifecycleMappingFactory - Using org.eclipse.m2e.jdt.JarLifecycleMapping lifecycle mapping for MavenProject: com.sy:Company_Employee:0.0.1-SNAPSHOT @ /home/bhojeshmanu/Documents/Hibernate/Company_EmployeeJPA/pom.xml.
2023-09-26 00:55:33,107 [Worker-27: Updating Maven Project] INFO  o.e.m.c.i.l.LifecycleMappingFactory - Using org.eclipse.m2e.jdt.JarLifecycleMapping lifecycle mapping for MavenProject: com.sy:CriteriaAPI:0.0.1-SNAPSHOT @ /home/bhojeshmanu/Documents/Hibernate/CriteriaAPI/pom.xml.
2023-09-26 00:55:33,131 [Worker-27: Updating Maven Project] INFO  o.e.m.c.i.l.LifecycleMappingFactory - Using org.eclipse.m2e.jdt.JarLifecycleMapping lifecycle mapping for MavenProject: com.sy:CriteriaAPI_JPA:0.0.1-SNAPSHOT @ /home/bhojeshmanu/Documents/Hibernate/CriteriaAPI_JPA/pom.xml.
2023-09-26 00:55:33,139 [Worker-27: Updating Maven Project] INFO  o.e.m.c.i.p.WorkspaceClassifierResolverManager - Resolving P/CriteriaAPI: com.sy:CriteriaAPI:0.0.1-SNAPSHOT with classifier  to /CriteriaAPI/target/classes
2023-09-26 00:55:33,158 [Worker-27: Updating Maven Project] INFO  o.e.m.c.i.l.LifecycleMappingFactory - Using org.eclipse.m2e.jdt.JarLifecycleMapping lifecycle mapping for MavenProject: com.sy:CrudOparationUsingJPA:0.0.1-SNAPSHOT @ /home/bhojeshmanu/Documents/Hibernate/CrudOparationUsingJPA/pom.xml.
2023-09-26 00:55:33,183 [Worker-27: Updating Maven Project] INFO  o.e.m.c.i.l.LifecycleMappingFactory - Using org.eclipse.m2e.jdt.JarLifecycleMapping lifecycle mapping for MavenProject: com.sy:SingleLevelCache:0.0.1-SNAPSHOT @ /home/bhojeshmanu/Documents/Hibernate/FirstLevelCache/pom.xml.
2023-09-26 00:55:33,208 [Worker-27: Updating Maven Project] INFO  o.e.m.c.i.l.LifecycleMappingFactory - Using org.eclipse.m2e.jdt.JarLifecycleMapping lifecycle mapping for MavenProject: com.sy:ManyToMany:0.0.1-SNAPSHOT @ /home/bhojeshmanu/Documents/Hibernate/ManyToMany_Mapping/pom.xml.
2023-09-26 00:55:33,234 [Worker-27: Updating Maven Project] INFO  o.e.m.c.i.l.LifecycleMappingFactory - Using org.eclipse.m2e.jdt.JarLifecycleMapping lifecycle mapping for MavenProject: com.sy:ManyToManyBi:0.0.1-SNAPSHOT @ /home/bhojeshmanu/Documents/Hibernate/ManyToManyBi/pom.xml.
2023-09-26 00:55:33,258 [Worker-27: Updating Maven Project] INFO  o.e.m.c.i.l.LifecycleMappingFactory - Using org.eclipse.m2e.jdt.JarLifecycleMapping lifecycle mapping for MavenProject: com.sy:ManyToOne:0.0.1-SNAPSHOT @ /home/bhojeshmanu/Documents/Hibernate/ManyToOne_Mapping/pom.xml.
2023-09-26 00:55:33,280 [Worker-27: Updating Maven Project] INFO  o.e.m.c.i.l.LifecycleMappingFactory - Using org.eclipse.m2e.jdt.JarLifecycleMapping lifecycle mapping for MavenProject: com.sy:OneToMany_ManyToOne:0.0.1-SNAPSHOT @ /home/bhojeshmanu/Documents/Hibernate/OneToMany_ManyToOne/pom.xml.
2023-09-26 00:55:33,304 [Worker-27: Updating Maven Project] INFO  o.e.m.c.i.l.LifecycleMappingFactory - Using org.eclipse.m2e.jdt.JarLifecycleMapping lifecycle mapping for MavenProject: com.sy:OneToMany_Mapping:0.0.1-SNAPSHOT @ /home/bhojeshmanu/Documents/Hibernate/OneToMany_Mapping/pom.xml.
2023-09-26 00:55:33,330 [Worker-27: Updating Maven Project] INFO  o.e.m.c.i.l.LifecycleMappingFactory - Using org.eclipse.m2e.jdt.JarLifecycleMapping lifecycle mapping for MavenProject: com.onetoone:OneToOne_Mapping:0.0.1-SNAPSHOT @ /home/bhojeshmanu/Documents/Hibernate/OneToOne_Mapping/pom.xml.
2023-09-26 00:55:33,354 [Worker-27: Updating Maven Project] INFO  o.e.m.c.i.l.LifecycleMappingFactory - Using org.eclipse.m2e.jdt.JarLifecycleMapping lifecycle mapping for MavenProject: com.sy:OneToOneEx2:0.0.1-SNAPSHOT @ /home/bhojeshmanu/Documents/Hibernate/OneToOneEx2/pom.xml.
2023-09-26 00:55:33,376 [Worker-27: Updating Maven Project] INFO  o.e.m.c.i.l.LifecycleMappingFactory - Using org.eclipse.m2e.jdt.JarLifecycleMapping lifecycle mapping for MavenProject: com.jsp:Person_Details:0.0.1-SNAPSHOT @ /home/bhojeshmanu/Documents/Hibernate/Person_Details/pom.xml.
2023-09-26 00:55:33,402 [Worker-27: Updating Maven Project] INFO  o.e.m.c.i.l.LifecycleMappingFactory - Using org.eclipse.m2e.jdt.JarLifecycleMapping lifecycle mapping for MavenProject: com.sy:Producer_Consumer_Cache:0.0.1-SNAPSHOT @ /home/bhojeshmanu/Documents/Hibernate/Producer_Consumer_Cache/pom.xml.
2023-09-26 00:55:33,427 [Worker-27: Updating Maven Project] INFO  o.e.m.c.i.l.LifecycleMappingFactory - Using org.eclipse.m2e.jdt.JarLifecycleMapping lifecycle mapping for MavenProject: com.sy:SecondLevelCache:0.0.1-SNAPSHOT @ /home/bhojeshmanu/Documents/Hibernate/SecondLevelCache/pom.xml.
2023-09-26 00:55:34,440 [Worker-27: Updating Maven Project] INFO  o.e.m.j.i.AbstractJavaProjectConfigurator - Adding source folder /Assignment/src/main/java
2023-09-26 00:55:34,440 [Worker-27: Updating Maven Project] INFO  o.e.m.j.i.AbstractJavaProjectConfigurator - Adding resource folder /Assignment/src/main/resources
2023-09-26 00:55:34,441 [Worker-27: Updating Maven Project] INFO  o.e.m.j.i.AbstractJavaProjectConfigurator - Adding source folder /Assignment/src/test/java
2023-09-26 00:55:34,442 [Worker-27: Updating Maven Project] INFO  o.e.m.j.i.AbstractJavaProjectConfigurator - Adding resource folder /Assignment/src/test/resources
2023-09-26 00:55:34,546 [Worker-27: Updating Maven Project] INFO  o.e.m.j.i.AbstractJavaProjectConfigurator - Adding source folder /Company_EmployeeJPA/src/main/java
2023-09-26 00:55:34,547 [Worker-27: Updating Maven Project] INFO  o.e.m.j.i.AbstractJavaProjectConfigurator - Adding resource folder /Company_EmployeeJPA/src/main/resources
2023-09-26 00:55:34,547 [Worker-27: Updating Maven Project] INFO  o.e.m.j.i.AbstractJavaProjectConfigurator - Adding source folder /Company_EmployeeJPA/src/test/java
2023-09-26 00:55:34,547 [Worker-27: Updating Maven Project] INFO  o.e.m.j.i.AbstractJavaProjectConfigurator - Adding resource folder /Company_EmployeeJPA/src/test/resources
2023-09-26 00:55:35,278 [Worker-27: Updating Maven Project] INFO  o.e.m.j.i.AbstractJavaProjectConfigurator - Adding source folder /CriteriaAPI/src/main/java
2023-09-26 00:55:35,278 [Worker-27: Updating Maven Project] INFO  o.e.m.j.i.AbstractJavaProjectConfigurator - Adding resource folder /CriteriaAPI/src/main/resources
2023-09-26 00:55:35,278 [Worker-27: Updating Maven Project] INFO  o.e.m.j.i.AbstractJavaProjectConfigurator - Adding source folder /CriteriaAPI/src/test/java
2023-09-26 00:55:35,278 [Worker-27: Updating Maven Project] INFO  o.e.m.j.i.AbstractJavaProjectConfigurator - Adding resource folder /CriteriaAPI/src/test/resources
2023-09-26 00:55:35,436 [Worker-27: Updating Maven Project] INFO  o.e.m.j.i.AbstractJavaProjectConfigurator - Adding source folder /CriteriaAPI_JPA/src/main/java
2023-09-26 00:55:35,436 [Worker-27: Updating Maven Project] INFO  o.e.m.j.i.AbstractJavaProjectConfigurator - Adding resource folder /CriteriaAPI_JPA/src/main/resources
2023-09-26 00:55:35,437 [Worker-27: Updating Maven Project] INFO  o.e.m.j.i.AbstractJavaProjectConfigurator - Adding source folder /CriteriaAPI_JPA/src/test/java
2023-09-26 00:55:35,437 [Worker-27: Updating Maven Project] INFO  o.e.m.j.i.AbstractJavaProjectConfigurator - Adding resource folder /CriteriaAPI_JPA/src/test/resources
2023-09-26 00:55:35,550 [Worker-27: Updating Maven Project] INFO  o.e.m.j.i.AbstractJavaProjectConfigurator - Adding source folder /CrudOparationUsingJPA/src/main/java
2023-09-26 00:55:35,550 [Worker-27: Updating Maven Project] INFO  o.e.m.j.i.AbstractJavaProjectConfigurator - Adding resource folder /CrudOparationUsingJPA/src/main/resources
2023-09-26 00:55:35,551 [Worker-27: Updating Maven Project] INFO  o.e.m.j.i.AbstractJavaProjectConfigurator - Adding source folder /CrudOparationUsingJPA/src/test/java
2023-09-26 00:55:35,551 [Worker-27: Updating Maven Project] INFO  o.e.m.j.i.AbstractJavaProjectConfigurator - Adding resource folder /CrudOparationUsingJPA/src/test/resources
2023-09-26 00:55:35,670 [Worker-27: Updating Maven Project] INFO  o.e.m.j.i.AbstractJavaProjectConfigurator - Adding source folder /FirstLevelCache/src/main/java
2023-09-26 00:55:35,670 [Worker-27: Updating Maven Project] INFO  o.e.m.j.i.AbstractJavaProjectConfigurator - Adding resource folder /FirstLevelCache/src/main/resources
2023-09-26 00:55:35,671 [Worker-27: Updating Maven Project] INFO  o.e.m.j.i.AbstractJavaProjectConfigurator - Adding source folder /FirstLevelCache/src/test/java
2023-09-26 00:55:35,671 [Worker-27: Updating Maven Project] INFO  o.e.m.j.i.AbstractJavaProjectConfigurator - Adding resource folder /FirstLevelCache/src/test/resources
2023-09-26 00:55:35,716 [Worker-27: Updating Maven Project] INFO  o.e.m.j.i.AbstractJavaProjectConfigurator - Adding source folder /ManyToMany_Mapping/src/main/java
2023-09-26 00:55:35,716 [Worker-27: Updating Maven Project] INFO  o.e.m.j.i.AbstractJavaProjectConfigurator - Adding resource folder /ManyToMany_Mapping/src/main/resources
2023-09-26 00:55:35,717 [Worker-27: Updating Maven Project] INFO  o.e.m.j.i.AbstractJavaProjectConfigurator - Adding source folder /ManyToMany_Mapping/src/test/java
2023-09-26 00:55:35,717 [Worker-27: Updating Maven Project] INFO  o.e.m.j.i.AbstractJavaProjectConfigurator - Adding resource folder /ManyToMany_Mapping/src/test/resources
2023-09-26 00:55:35,761 [Worker-27: Updating Maven Project] INFO  o.e.m.j.i.AbstractJavaProjectConfigurator - Adding source folder /ManyToManyBi/src/main/java
2023-09-26 00:55:35,761 [Worker-27: Updating Maven Project] INFO  o.e.m.j.i.AbstractJavaProjectConfigurator - Adding resource folder /ManyToManyBi/src/main/resources
2023-09-26 00:55:35,762 [Worker-27: Updating Maven Project] INFO  o.e.m.j.i.AbstractJavaProjectConfigurator - Adding source folder /ManyToManyBi/src/test/java
2023-09-26 00:55:35,762 [Worker-27: Updating Maven Project] INFO  o.e.m.j.i.AbstractJavaProjectConfigurator - Adding resource folder /ManyToManyBi/src/test/resources
2023-09-26 00:55:35,806 [Worker-27: Updating Maven Project] INFO  o.e.m.j.i.AbstractJavaProjectConfigurator - Adding source folder /ManyToOne_Mapping/src/main/java
2023-09-26 00:55:35,807 [Worker-27: Updating Maven Project] INFO  o.e.m.j.i.AbstractJavaProjectConfigurator - Adding resource folder /ManyToOne_Mapping/src/main/resources
2023-09-26 00:55:35,807 [Worker-27: Updating Maven Project] INFO  o.e.m.j.i.AbstractJavaProjectConfigurator - Adding source folder /ManyToOne_Mapping/src/test/java
2023-09-26 00:55:35,807 [Worker-27: Updating Maven Project] INFO  o.e.m.j.i.AbstractJavaProjectConfigurator - Adding resource folder /ManyToOne_Mapping/src/test/resources
2023-09-26 00:55:35,851 [Worker-27: Updating Maven Project] INFO  o.e.m.j.i.AbstractJavaProjectConfigurator - Adding source folder /OneToMany_ManyToOne/src/main/java
2023-09-26 00:55:35,851 [Worker-27: Updating Maven Project] INFO  o.e.m.j.i.AbstractJavaProjectConfigurator - Adding resource folder /OneToMany_ManyToOne/src/main/resources
2023-09-26 00:55:35,852 [Worker-27: Updating Maven Project] INFO  o.e.m.j.i.AbstractJavaProjectConfigurator - Adding source folder /OneToMany_ManyToOne/src/test/java
2023-09-26 00:55:35,852 [Worker-27: Updating Maven Project] INFO  o.e.m.j.i.AbstractJavaProjectConfigurator - Adding resource folder /OneToMany_ManyToOne/src/test/resources
2023-09-26 00:55:35,893 [Worker-27: Updating Maven Project] INFO  o.e.m.j.i.AbstractJavaProjectConfigurator - Adding source folder /OneToMany_Mapping/src/main/java
2023-09-26 00:55:35,893 [Worker-27: Updating Maven Project] INFO  o.e.m.j.i.AbstractJavaProjectConfigurator - Adding resource folder /OneToMany_Mapping/src/main/resources
2023-09-26 00:55:35,894 [Worker-27: Updating Maven Project] INFO  o.e.m.j.i.AbstractJavaProjectConfigurator - Adding source folder /OneToMany_Mapping/src/test/java
2023-09-26 00:55:35,894 [Worker-27: Updating Maven Project] INFO  o.e.m.j.i.AbstractJavaProjectConfigurator - Adding resource folder /OneToMany_Mapping/src/test/resources
2023-09-26 00:55:35,947 [Worker-27: Updating Maven Project] INFO  o.e.m.j.i.AbstractJavaProjectConfigurator - Adding source folder /OneToOne_Mapping/src/main/java
2023-09-26 00:55:35,947 [Worker-27: Updating Maven Project] INFO  o.e.m.j.i.AbstractJavaProjectConfigurator - Adding resource folder /OneToOne_Mapping/src/main/resources
2023-09-26 00:55:35,948 [Worker-27: Updating Maven Project] INFO  o.e.m.j.i.AbstractJavaProjectConfigurator - Adding source folder /OneToOne_Mapping/src/test/java
2023-09-26 00:55:35,948 [Worker-27: Updating Maven Project] INFO  o.e.m.j.i.AbstractJavaProjectConfigurator - Adding resource folder /OneToOne_Mapping/src/test/resources
2023-09-26 00:55:35,991 [Worker-27: Updating Maven Project] INFO  o.e.m.j.i.AbstractJavaProjectConfigurator - Adding source folder /OneToOneEx2/src/main/java
2023-09-26 00:55:35,991 [Worker-27: Updating Maven Project] INFO  o.e.m.j.i.AbstractJavaProjectConfigurator - Adding resource folder /OneToOneEx2/src/main/resources
2023-09-26 00:55:35,992 [Worker-27: Updating Maven Project] INFO  o.e.m.j.i.AbstractJavaProjectConfigurator - Adding source folder /OneToOneEx2/src/test/java
2023-09-26 00:55:35,992 [Worker-27: Updating Maven Project] INFO  o.e.m.j.i.AbstractJavaProjectConfigurator - Adding resource folder /OneToOneEx2/src/test/resources
2023-09-26 00:55:36,044 [Worker-27: Updating Maven Project] INFO  o.e.m.j.i.AbstractJavaProjectConfigurator - Adding source folder /Person_Details/src/main/java
2023-09-26 00:55:36,045 [Worker-27: Updating Maven Project] INFO  o.e.m.j.i.AbstractJavaProjectConfigurator - Adding resource folder /Person_Details/src/main/resources
2023-09-26 00:55:36,050 [Worker-27: Updating Maven Project] INFO  o.e.m.j.i.AbstractJavaProjectConfigurator - Adding source folder /Person_Details/src/test/java
2023-09-26 00:55:36,050 [Worker-27: Updating Maven Project] INFO  o.e.m.j.i.AbstractJavaProjectConfigurator - Adding resource folder /Person_Details/src/test/resources
2023-09-26 00:55:36,103 [Worker-27: Updating Maven Project] INFO  o.e.m.j.i.AbstractJavaProjectConfigurator - Adding source folder /Producer_Consumer_Cache/src/main/java
2023-09-26 00:55:36,103 [Worker-27: Updating Maven Project] INFO  o.e.m.j.i.AbstractJavaProjectConfigurator - Adding resource folder /Producer_Consumer_Cache/src/main/resources
2023-09-26 00:55:36,104 [Worker-27: Updating Maven Project] INFO  o.e.m.j.i.AbstractJavaProjectConfigurator - Adding source folder /Producer_Consumer_Cache/src/test/java
2023-09-26 00:55:36,104 [Worker-27: Updating Maven Project] INFO  o.e.m.j.i.AbstractJavaProjectConfigurator - Adding resource folder /Producer_Consumer_Cache/src/test/resources
2023-09-26 00:55:36,155 [Worker-27: Updating Maven Project] INFO  o.e.m.j.i.AbstractJavaProjectConfigurator - Adding source folder /SecondLevelCache/src/main/java
2023-09-26 00:55:36,158 [Worker-27: Updating Maven Project] INFO  o.e.m.j.i.AbstractJavaProjectConfigurator - Adding resource folder /SecondLevelCache/src/main/resources
2023-09-26 00:55:36,158 [Worker-27: Updating Maven Project] INFO  o.e.m.j.i.AbstractJavaProjectConfigurator - Adding source folder /SecondLevelCache/src/test/java
2023-09-26 00:55:36,159 [Worker-27: Updating Maven Project] INFO  o.e.m.j.i.AbstractJavaProjectConfigurator - Adding resource folder /SecondLevelCache/src/test/resources
2023-09-26 00:55:38,311 [Worker-27: Updating Maven Project] INFO  o.e.m.c.i.p.ProjectConfigurationManager - Update completed for 16 poms: local refresh takes 0.00 sec, refresh facades takes 2.00 sec, update config takes 1.00 sec 
2023-09-26 00:55:44,083 [Worker-27: Building] INFO  o.e.m.c.i.embedder.EclipseLogger - Using 'UTF-8' encoding to copy filtered resources.
2023-09-26 00:55:44,083 [Worker-27: Building] INFO  o.e.m.c.i.embedder.EclipseLogger - skip non existing resourceDirectory /home/bhojeshmanu/Documents/Hibernate/Assignment/src/main/resources
2023-09-26 00:55:44,104 [Worker-27: Building] INFO  o.e.m.c.i.embedder.EclipseLogger - Using 'UTF-8' encoding to copy filtered resources.
2023-09-26 00:55:44,104 [Worker-27: Building] INFO  o.e.m.c.i.embedder.EclipseLogger - skip non existing resourceDirectory /home/bhojeshmanu/Documents/Hibernate/Assignment/src/test/resources
2023-09-26 00:55:45,044 [Worker-27: Building] INFO  o.a.m.s.f.DefaultMavenResourcesFiltering - skip non existing resourceDirectory /home/bhojeshmanu/Documents/Hibernate/Company_EmployeeJPA/src/main/resources
2023-09-26 00:55:45,059 [Worker-27: Building] INFO  o.a.m.s.f.DefaultMavenResourcesFiltering - skip non existing resourceDirectory /home/bhojeshmanu/Documents/Hibernate/Company_EmployeeJPA/src/test/resources
2023-09-26 00:55:46,738 [Worker-34: Building] INFO  o.a.m.s.f.DefaultMavenResourcesFiltering - skip non existing resourceDirectory /home/bhojeshmanu/Documents/Hibernate/CriteriaAPI/src/main/resources
2023-09-26 00:55:46,750 [Worker-34: Building] INFO  o.a.m.s.f.DefaultMavenResourcesFiltering - skip non existing resourceDirectory /home/bhojeshmanu/Documents/Hibernate/CriteriaAPI/src/test/resources
2023-09-26 00:55:47,053 [Worker-34: Building] INFO  o.a.m.s.f.DefaultMavenResourcesFiltering - skip non existing resourceDirectory /home/bhojeshmanu/Documents/Hibernate/CriteriaAPI_JPA/src/main/resources
2023-09-26 00:55:47,073 [Worker-34: Building] INFO  o.a.m.s.f.DefaultMavenResourcesFiltering - skip non existing resourceDirectory /home/bhojeshmanu/Documents/Hibernate/CriteriaAPI_JPA/src/test/resources
2023-09-26 00:55:47,696 [Worker-33: Building] INFO  o.a.m.s.f.DefaultMavenResourcesFiltering - skip non existing resourceDirectory /home/bhojeshmanu/Documents/Hibernate/CrudOparationUsingJPA/src/main/resources
2023-09-26 00:55:47,708 [Worker-33: Building] INFO  o.a.m.s.f.DefaultMavenResourcesFiltering - skip non existing resourceDirectory /home/bhojeshmanu/Documents/Hibernate/CrudOparationUsingJPA/src/test/resources
2023-09-26 00:55:48,093 [Worker-33: Building] INFO  o.a.m.s.f.DefaultMavenResourcesFiltering - skip non existing resourceDirectory /home/bhojeshmanu/Documents/Hibernate/FirstLevelCache/src/main/resources
2023-09-26 00:55:48,096 [Worker-33: Building] INFO  o.a.m.s.f.DefaultMavenResourcesFiltering - skip non existing resourceDirectory /home/bhojeshmanu/Documents/Hibernate/FirstLevelCache/src/test/resources
2023-09-26 00:55:48,524 [Worker-34: Building] INFO  o.a.m.s.f.DefaultMavenResourcesFiltering - skip non existing resourceDirectory /home/bhojeshmanu/Documents/Hibernate/ManyToManyBi/src/main/resources
2023-09-26 00:55:48,527 [Worker-34: Building] INFO  o.a.m.s.f.DefaultMavenResourcesFiltering - skip non existing resourceDirectory /home/bhojeshmanu/Documents/Hibernate/ManyToManyBi/src/test/resources
2023-09-26 00:55:48,959 [Worker-27: Building] INFO  o.a.m.s.f.DefaultMavenResourcesFiltering - skip non existing resourceDirectory /home/bhojeshmanu/Documents/Hibernate/ManyToMany_Mapping/src/main/resources
2023-09-26 00:55:48,963 [Worker-27: Building] INFO  o.a.m.s.f.DefaultMavenResourcesFiltering - skip non existing resourceDirectory /home/bhojeshmanu/Documents/Hibernate/ManyToMany_Mapping/src/test/resources
2023-09-26 00:55:49,043 [Worker-27: Building] INFO  o.a.m.s.f.DefaultMavenResourcesFiltering - skip non existing resourceDirectory /home/bhojeshmanu/Documents/Hibernate/ManyToOne_Mapping/src/main/resources
2023-09-26 00:55:49,047 [Worker-27: Building] INFO  o.a.m.s.f.DefaultMavenResourcesFiltering - skip non existing resourceDirectory /home/bhojeshmanu/Documents/Hibernate/ManyToOne_Mapping/src/test/resources
2023-09-26 00:55:49,320 [Worker-27: Building] INFO  o.a.m.s.f.DefaultMavenResourcesFiltering - skip non existing resourceDirectory /home/bhojeshmanu/Documents/Hibernate/OneToMany_ManyToOne/src/main/resources
2023-09-26 00:55:49,323 [Worker-27: Building] INFO  o.a.m.s.f.DefaultMavenResourcesFiltering - skip non existing resourceDirectory /home/bhojeshmanu/Documents/Hibernate/OneToMany_ManyToOne/src/test/resources
2023-09-26 00:55:49,499 [Worker-27: Building] INFO  o.a.m.s.f.DefaultMavenResourcesFiltering - skip non existing resourceDirectory /home/bhojeshmanu/Documents/Hibernate/OneToMany_Mapping/src/main/resources
2023-09-26 00:55:49,501 [Worker-27: Building] INFO  o.a.m.s.f.DefaultMavenResourcesFiltering - skip non existing resourceDirectory /home/bhojeshmanu/Documents/Hibernate/OneToMany_Mapping/src/test/resources
2023-09-26 00:55:49,670 [Worker-27: Building] INFO  o.a.m.s.f.DefaultMavenResourcesFiltering - skip non existing resourceDirectory /home/bhojeshmanu/Documents/Hibernate/OneToOneEx2/src/main/resources
2023-09-26 00:55:49,673 [Worker-27: Building] INFO  o.a.m.s.f.DefaultMavenResourcesFiltering - skip non existing resourceDirectory /home/bhojeshmanu/Documents/Hibernate/OneToOneEx2/src/test/resources
2023-09-26 00:55:49,858 [Worker-27: Building] INFO  o.e.m.c.i.embedder.EclipseLogger - Using 'UTF-8' encoding to copy filtered resources.
2023-09-26 00:55:49,858 [Worker-27: Building] INFO  o.e.m.c.i.embedder.EclipseLogger - skip non existing resourceDirectory /home/bhojeshmanu/Documents/Hibernate/OneToOne_Mapping/src/main/resources
2023-09-26 00:55:49,861 [Worker-27: Building] INFO  o.e.m.c.i.embedder.EclipseLogger - Using 'UTF-8' encoding to copy filtered resources.
2023-09-26 00:55:49,861 [Worker-27: Building] INFO  o.e.m.c.i.embedder.EclipseLogger - skip non existing resourceDirectory /home/bhojeshmanu/Documents/Hibernate/OneToOne_Mapping/src/test/resources
2023-09-26 00:55:49,947 [Worker-27: Building] INFO  o.e.m.c.i.embedder.EclipseLogger - Using 'UTF-8' encoding to copy filtered resources.
2023-09-26 00:55:49,948 [Worker-27: Building] INFO  o.e.m.c.i.embedder.EclipseLogger - skip non existing resourceDirectory /home/bhojeshmanu/Documents/Hibernate/Person_Details/src/main/resources
2023-09-26 00:55:49,950 [Worker-27: Building] INFO  o.e.m.c.i.embedder.EclipseLogger - Using 'UTF-8' encoding to copy filtered resources.
2023-09-26 00:55:49,951 [Worker-27: Building] INFO  o.e.m.c.i.embedder.EclipseLogger - skip non existing resourceDirectory /home/bhojeshmanu/Documents/Hibernate/Person_Details/src/test/resources
2023-09-26 00:55:50,137 [Worker-27: Building] INFO  o.a.m.s.f.DefaultMavenResourcesFiltering - skip non existing resourceDirectory /home/bhojeshmanu/Documents/Hibernate/Producer_Consumer_Cache/src/main/resources
2023-09-26 00:55:50,139 [Worker-27: Building] INFO  o.a.m.s.f.DefaultMavenResourcesFiltering - skip non existing resourceDirectory /home/bhojeshmanu/Documents/Hibernate/Producer_Consumer_Cache/src/test/resources
2023-09-26 00:55:50,303 [Worker-27: Building] INFO  o.a.m.s.f.DefaultMavenResourcesFiltering - skip non existing resourceDirectory /home/bhojeshmanu/Documents/Hibernate/SecondLevelCache/src/main/resources
2023-09-26 00:55:50,305 [Worker-27: Building] INFO  o.a.m.s.f.DefaultMavenResourcesFiltering - skip non existing resourceDirectory /home/bhojeshmanu/Documents/Hibernate/SecondLevelCache/src/test/resources
2023-09-27 20:45:42,767 [Worker-4: Loading available Gradle versions] INFO  o.e.b.c.i.u.g.PublishedGradleVersions - Gradle version information cache is up-to-date. Trying to read.
2023-10-22 12:45:15,851 [Worker-4: Loading available Gradle versions] INFO  o.e.b.c.i.u.g.PublishedGradleVersions - Gradle version information cache is up-to-date. Trying to read.
