2023-09-25 23:59:09,793 [Worker-3: Loading available Gradle versions] INFO  o.e.b.c.i.u.g.PublishedGradleVersions - Gradle version information cache is up-to-date. Trying to read.
2023-09-26 00:06:43,584 [Worker-0: Loading available Gradle versions] INFO  o.e.b.c.i.u.g.PublishedGradleVersions - Gradle version information cache is up-to-date. Trying to read.
2023-09-26 00:35:08,199 [Worker-0: Loading available Gradle versions] INFO  o.e.b.c.i.u.g.PublishedGradleVersions - Gradle version information cache is up-to-date. Trying to read.
2023-09-27 20:32:26,645 [Worker-1: Loading available Gradle versions] INFO  o.e.b.c.i.u.g.PublishedGradleVersions - Gradle version information cache is up-to-date. Trying to read.
2023-09-27 20:43:00,031 [Worker-2: Loading available Gradle versions] INFO  o.e.b.c.i.u.g.PublishedGradleVersions - Gradle version information cache is up-to-date. Trying to read.
2023-09-27 20:50:31,718 [Worker-21: Updating Maven Dependencies] INFO  o.e.m.c.i.l.LifecycleMappingFactory - Using org.eclipse.m2e.jdt.JarLifecycleMapping lifecycle mapping for MavenProject: com.sy:InterfaceInjection:0.0.1-SNAPSHOT @ /home/bhojeshmanu/Documents/SpringFrameWork/SpringsCore/InterfaceInjection/pom.xml.
2023-09-27 20:50:36,437 [Worker-27: Building] INFO  o.e.m.c.i.l.LifecycleMappingFactory - Using org.eclipse.m2e.jdt.JarLifecycleMapping lifecycle mapping for MavenProject: com.setterinjecion:CollecionDependencys:0.0.1-SNAPSHOT @ /home/bhojeshmanu/Documents/SpringFrameWork/SpringsCore/CollecionDependencys/pom.xml.
2023-09-27 20:50:38,174 [Worker-27: Building] INFO  o.a.m.s.f.DefaultMavenResourcesFiltering - skip non existing resourceDirectory /home/bhojeshmanu/Documents/SpringFrameWork/SpringsCore/CollecionDependencys/src/main/resources
2023-09-27 20:50:38,200 [Worker-27: Building] INFO  o.a.m.s.f.DefaultMavenResourcesFiltering - skip non existing resourceDirectory /home/bhojeshmanu/Documents/SpringFrameWork/SpringsCore/CollecionDependencys/src/test/resources
2023-09-27 20:50:39,980 [Worker-7: Building] INFO  o.e.m.c.i.l.LifecycleMappingFactory - Using org.eclipse.m2e.jdt.JarLifecycleMapping lifecycle mapping for MavenProject: com.sy:ConstructorInjection:0.0.1-SNAPSHOT @ /home/bhojeshmanu/Documents/SpringFrameWork/SpringsCore/ConstructorInjection/pom.xml.
2023-09-27 20:50:41,212 [Worker-7: Building] INFO  o.e.m.c.i.embedder.EclipseLogger - Using 'UTF-8' encoding to copy filtered resources.
2023-09-27 20:50:41,212 [Worker-7: Building] INFO  o.e.m.c.i.embedder.EclipseLogger - skip non existing resourceDirectory /home/bhojeshmanu/Documents/SpringFrameWork/SpringsCore/ConstructorInjection/src/main/resources
2023-09-27 20:50:41,224 [Worker-7: Building] INFO  o.e.m.c.i.embedder.EclipseLogger - Using 'UTF-8' encoding to copy filtered resources.
2023-09-27 20:50:41,224 [Worker-7: Building] INFO  o.e.m.c.i.embedder.EclipseLogger - skip non existing resourceDirectory /home/bhojeshmanu/Documents/SpringFrameWork/SpringsCore/ConstructorInjection/src/test/resources
2023-09-27 20:50:42,312 [Worker-22: Building] INFO  o.e.m.c.i.l.LifecycleMappingFactory - Using org.eclipse.m2e.jdt.JarLifecycleMapping lifecycle mapping for MavenProject: com.constructor_ambiguity:Constructor_Ambiguity:0.0.1-SNAPSHOT @ /home/bhojeshmanu/Documents/SpringFrameWork/SpringsCore/Constructor_Ambiguity/pom.xml.
2023-09-27 20:50:42,569 [Worker-22: Building] INFO  o.e.m.c.i.embedder.EclipseLogger - Using 'UTF-8' encoding to copy filtered resources.
2023-09-27 20:50:42,570 [Worker-22: Building] INFO  o.e.m.c.i.embedder.EclipseLogger - skip non existing resourceDirectory /home/bhojeshmanu/Documents/SpringFrameWork/SpringsCore/Constructor_Ambiguity/src/main/resources
2023-09-27 20:50:42,579 [Worker-22: Building] INFO  o.e.m.c.i.embedder.EclipseLogger - Using 'UTF-8' encoding to copy filtered resources.
2023-09-27 20:50:42,579 [Worker-22: Building] INFO  o.e.m.c.i.embedder.EclipseLogger - skip non existing resourceDirectory /home/bhojeshmanu/Documents/SpringFrameWork/SpringsCore/Constructor_Ambiguity/src/test/resources
2023-09-27 20:50:42,973 [Worker-22: Building] INFO  o.e.m.c.i.l.LifecycleMappingFactory - Using org.eclipse.m2e.jdt.JarLifecycleMapping lifecycle mapping for MavenProject: com.onetoone:ER_DiagramRelationShip:0.0.1-SNAPSHOT @ /home/bhojeshmanu/Documents/SpringFrameWork/SpringsCore/ER_DiagramRelationShip/pom.xml.
2023-09-27 20:50:43,219 [Worker-22: Building] INFO  o.e.m.c.i.embedder.EclipseLogger - Using 'UTF-8' encoding to copy filtered resources.
2023-09-27 20:50:43,219 [Worker-22: Building] INFO  o.e.m.c.i.embedder.EclipseLogger - skip non existing resourceDirectory /home/bhojeshmanu/Documents/SpringFrameWork/SpringsCore/ER_DiagramRelationShip/src/main/resources
2023-09-27 20:50:43,234 [Worker-22: Building] INFO  o.e.m.c.i.embedder.EclipseLogger - Using 'UTF-8' encoding to copy filtered resources.
2023-09-27 20:50:43,234 [Worker-22: Building] INFO  o.e.m.c.i.embedder.EclipseLogger - skip non existing resourceDirectory /home/bhojeshmanu/Documents/SpringFrameWork/SpringsCore/ER_DiagramRelationShip/src/test/resources
2023-09-27 20:50:45,134 [Worker-23: Building] INFO  o.e.m.c.i.embedder.EclipseLogger - Using 'UTF-8' encoding to copy filtered resources.
2023-09-27 20:50:45,135 [Worker-23: Building] INFO  o.e.m.c.i.embedder.EclipseLogger - skip non existing resourceDirectory /home/bhojeshmanu/Documents/SpringFrameWork/SpringsCore/InterfaceInjection/src/main/resources
2023-09-27 20:50:45,143 [Worker-23: Building] INFO  o.e.m.c.i.embedder.EclipseLogger - Using 'UTF-8' encoding to copy filtered resources.
2023-09-27 20:50:45,143 [Worker-23: Building] INFO  o.e.m.c.i.embedder.EclipseLogger - skip non existing resourceDirectory /home/bhojeshmanu/Documents/SpringFrameWork/SpringsCore/InterfaceInjection/src/test/resources
2023-09-27 20:50:45,609 [Worker-23: Building] INFO  o.e.m.c.i.l.LifecycleMappingFactory - Using org.eclipse.m2e.jdt.JarLifecycleMapping lifecycle mapping for MavenProject: com.sy:RefrenceTypeDependencys:0.0.1-SNAPSHOT @ /home/bhojeshmanu/Documents/SpringFrameWork/SpringsCore/RefrenceTypeDependencys/pom.xml.
2023-09-27 20:50:45,846 [Worker-23: Building] INFO  o.e.m.c.i.embedder.EclipseLogger - Using 'UTF-8' encoding to copy filtered resources.
2023-09-27 20:50:45,847 [Worker-23: Building] INFO  o.e.m.c.i.embedder.EclipseLogger - skip non existing resourceDirectory /home/bhojeshmanu/Documents/SpringFrameWork/SpringsCore/RefrenceTypeDependencys/src/main/resources
2023-09-27 20:50:45,851 [Worker-23: Building] INFO  o.e.m.c.i.embedder.EclipseLogger - Using 'UTF-8' encoding to copy filtered resources.
2023-09-27 20:50:45,851 [Worker-23: Building] INFO  o.e.m.c.i.embedder.EclipseLogger - skip non existing resourceDirectory /home/bhojeshmanu/Documents/SpringFrameWork/SpringsCore/RefrenceTypeDependencys/src/test/resources
2023-09-27 20:50:46,667 [Worker-23: Building] INFO  o.e.m.c.i.l.LifecycleMappingFactory - Using org.eclipse.m2e.jdt.JarLifecycleMapping lifecycle mapping for MavenProject: com.sy:SpringsSetterInjection:0.0.1-SNAPSHOT @ /home/bhojeshmanu/Documents/SpringFrameWork/SpringsCore/SpringsSetterInjection/pom.xml.
2023-09-27 20:50:46,930 [Worker-23: Building] INFO  o.a.m.s.f.DefaultMavenResourcesFiltering - skip non existing resourceDirectory /home/bhojeshmanu/Documents/SpringFrameWork/SpringsCore/SpringsSetterInjection/src/main/resources
2023-09-27 20:50:46,934 [Worker-23: Building] INFO  o.a.m.s.f.DefaultMavenResourcesFiltering - skip non existing resourceDirectory /home/bhojeshmanu/Documents/SpringFrameWork/SpringsCore/SpringsSetterInjection/src/test/resources
2023-09-27 20:51:12,979 [Worker-27: Building] INFO  o.e.m.c.i.l.LifecycleMappingFactory - Using org.eclipse.m2e.jdt.JarLifecycleMapping lifecycle mapping for MavenProject: com.sy:ComponentAnnotation:0.0.1-SNAPSHOT @ /home/bhojeshmanu/Documents/SpringFrameWork/Springs/ComponentAnnotation/pom.xml.
2023-09-27 20:51:13,784 [Worker-27: Building] INFO  o.a.m.s.f.DefaultMavenResourcesFiltering - skip non existing resourceDirectory /home/bhojeshmanu/Documents/SpringFrameWork/Springs/ComponentAnnotation/src/main/resources
2023-09-27 20:51:13,789 [Worker-27: Building] INFO  o.a.m.s.f.DefaultMavenResourcesFiltering - skip non existing resourceDirectory /home/bhojeshmanu/Documents/SpringFrameWork/Springs/ComponentAnnotation/src/test/resources
2023-09-27 20:51:15,229 [Worker-32: Building] INFO  o.e.m.c.i.l.LifecycleMappingFactory - Using org.eclipse.m2e.jdt.JarLifecycleMapping lifecycle mapping for MavenProject: com.sy:Employee_Company:0.0.1-SNAPSHOT @ /home/bhojeshmanu/Documents/SpringFrameWork/Springs/Employee_Company/pom.xml.
2023-09-27 20:51:15,521 [Worker-32: Building] INFO  o.a.m.s.f.DefaultMavenResourcesFiltering - skip non existing resourceDirectory /home/bhojeshmanu/Documents/SpringFrameWork/Springs/Employee_Company/src/main/resources
2023-09-27 20:51:15,531 [Worker-32: Building] INFO  o.a.m.s.f.DefaultMavenResourcesFiltering - skip non existing resourceDirectory /home/bhojeshmanu/Documents/SpringFrameWork/Springs/Employee_Company/src/test/resources
2023-09-27 20:51:15,963 [Worker-32: Building] INFO  o.e.m.c.i.l.LifecycleMappingFactory - Using org.eclipse.m2e.jdt.JarLifecycleMapping lifecycle mapping for MavenProject: com.sy:InterfaceVehicle:0.0.1-SNAPSHOT @ /home/bhojeshmanu/Documents/SpringFrameWork/Springs/InterfaceVehicle/pom.xml.
2023-09-27 20:51:16,167 [Worker-32: Building] INFO  o.a.m.s.f.DefaultMavenResourcesFiltering - skip non existing resourceDirectory /home/bhojeshmanu/Documents/SpringFrameWork/Springs/InterfaceVehicle/src/main/resources
2023-09-27 20:51:16,170 [Worker-32: Building] INFO  o.a.m.s.f.DefaultMavenResourcesFiltering - skip non existing resourceDirectory /home/bhojeshmanu/Documents/SpringFrameWork/Springs/InterfaceVehicle/src/test/resources
2023-09-27 20:51:17,415 [Worker-29: Building] INFO  o.e.m.c.i.l.LifecycleMappingFactory - Using org.eclipse.m2e.jdt.JarLifecycleMapping lifecycle mapping for MavenProject: com.sy:ProductInfo:0.0.1-SNAPSHOT @ /home/bhojeshmanu/Documents/SpringFrameWork/Springs/ProductInfo/pom.xml.
2023-09-27 20:51:17,606 [Worker-29: Building] INFO  o.a.m.s.f.DefaultMavenResourcesFiltering - skip non existing resourceDirectory /home/bhojeshmanu/Documents/SpringFrameWork/Springs/ProductInfo/src/main/resources
2023-09-27 20:51:17,613 [Worker-29: Building] INFO  o.a.m.s.f.DefaultMavenResourcesFiltering - skip non existing resourceDirectory /home/bhojeshmanu/Documents/SpringFrameWork/Springs/ProductInfo/src/test/resources
2023-09-27 20:51:18,501 [Worker-30: Building] INFO  o.e.m.c.i.l.LifecycleMappingFactory - Using org.eclipse.m2e.jdt.JarLifecycleMapping lifecycle mapping for MavenProject: com.sy:Product_ConsumerInfo:0.0.1-SNAPSHOT @ /home/bhojeshmanu/Documents/SpringFrameWork/Springs/Product_ConsumerInfo/pom.xml.
2023-09-27 20:51:18,705 [Worker-30: Building] INFO  o.a.m.s.f.DefaultMavenResourcesFiltering - skip non existing resourceDirectory /home/bhojeshmanu/Documents/SpringFrameWork/Springs/Product_ConsumerInfo/src/main/resources
2023-09-27 20:51:18,718 [Worker-30: Building] INFO  o.a.m.s.f.DefaultMavenResourcesFiltering - skip non existing resourceDirectory /home/bhojeshmanu/Documents/SpringFrameWork/Springs/Product_ConsumerInfo/src/test/resources
2023-09-27 20:51:19,747 [Worker-17: Building] INFO  o.e.m.c.i.l.LifecycleMappingFactory - Using org.eclipse.m2e.jdt.JarLifecycleMapping lifecycle mapping for MavenProject: com.sy:Products_CustomersInfo:0.0.1-SNAPSHOT @ /home/bhojeshmanu/Documents/SpringFrameWork/Springs/Products_CustomersInfo/pom.xml.
2023-09-27 20:51:19,871 [Worker-17: Building] INFO  o.a.m.s.f.DefaultMavenResourcesFiltering - skip non existing resourceDirectory /home/bhojeshmanu/Documents/SpringFrameWork/Springs/Products_CustomersInfo/src/main/resources
2023-09-27 20:51:19,876 [Worker-17: Building] INFO  o.a.m.s.f.DefaultMavenResourcesFiltering - skip non existing resourceDirectory /home/bhojeshmanu/Documents/SpringFrameWork/Springs/Products_CustomersInfo/src/test/resources
2023-09-27 20:51:20,278 [Worker-17: Building] INFO  o.e.m.c.i.l.LifecycleMappingFactory - Using org.maven.ide.eclipse.wtp.WarLifecycleMapping lifecycle mapping for MavenProject: com.sy:RecipientProject:0.0.1-SNAPSHOT @ /home/bhojeshmanu/Documents/SpringFrameWork/Springs/RecipientProject/pom.xml.
2023-09-27 20:51:21,586 [Worker-17: Building] WARN  o.a.m.s.f.DefaultMavenResourcesFiltering - Using platform encoding (UTF-8 actually) to copy filtered resources, i.e. build is platform dependent!
2023-09-27 20:51:21,587 [Worker-17: Building] INFO  o.a.m.s.f.DefaultMavenResourcesFiltering - skip non existing resourceDirectory /home/bhojeshmanu/Documents/SpringFrameWork/Springs/RecipientProject/src/main/resources
2023-09-27 20:51:21,590 [Worker-17: Building] WARN  o.a.m.s.f.DefaultMavenResourcesFiltering - Using platform encoding (UTF-8 actually) to copy filtered resources, i.e. build is platform dependent!
2023-09-27 20:51:21,591 [Worker-17: Building] INFO  o.a.m.s.f.DefaultMavenResourcesFiltering - skip non existing resourceDirectory /home/bhojeshmanu/Documents/SpringFrameWork/Springs/RecipientProject/src/test/resources
2023-09-27 20:51:23,318 [Worker-17: Building] INFO  o.e.m.c.i.l.LifecycleMappingFactory - Using org.eclipse.m2e.jdt.JarLifecycleMapping lifecycle mapping for MavenProject: com.sy:SpringFirstProject:0.0.1-SNAPSHOT @ /home/bhojeshmanu/Documents/SpringFrameWork/Springs/SpringFirstProject/pom.xml.
2023-09-27 20:51:23,734 [Worker-17: Building] INFO  o.a.m.s.f.DefaultMavenResourcesFiltering - skip non existing resourceDirectory /home/bhojeshmanu/Documents/SpringFrameWork/Springs/SpringFirstProject/src/main/resources
2023-09-27 20:51:23,737 [Worker-17: Building] INFO  o.a.m.s.f.DefaultMavenResourcesFiltering - skip non existing resourceDirectory /home/bhojeshmanu/Documents/SpringFrameWork/Springs/SpringFirstProject/src/test/resources
2023-09-27 20:51:24,587 [Worker-28: Building] INFO  o.e.m.c.i.l.LifecycleMappingFactory - Using org.maven.ide.eclipse.wtp.WarLifecycleMapping lifecycle mapping for MavenProject: com.sy:SpringMVCProject1:0.0.1-SNAPSHOT @ /home/bhojeshmanu/Documents/SpringFrameWork/Springs/SpringMVCProject1/pom.xml.
2023-09-27 20:51:24,735 [Worker-28: Building] WARN  o.a.m.s.f.DefaultMavenResourcesFiltering - Using platform encoding (UTF-8 actually) to copy filtered resources, i.e. build is platform dependent!
2023-09-27 20:51:24,735 [Worker-28: Building] INFO  o.a.m.s.f.DefaultMavenResourcesFiltering - skip non existing resourceDirectory /home/bhojeshmanu/Documents/SpringFrameWork/Springs/SpringMVCProject1/src/main/resources
2023-09-27 20:51:24,740 [Worker-28: Building] WARN  o.a.m.s.f.DefaultMavenResourcesFiltering - Using platform encoding (UTF-8 actually) to copy filtered resources, i.e. build is platform dependent!
2023-09-27 20:51:24,741 [Worker-28: Building] INFO  o.a.m.s.f.DefaultMavenResourcesFiltering - skip non existing resourceDirectory /home/bhojeshmanu/Documents/SpringFrameWork/Springs/SpringMVCProject1/src/test/resources
2023-09-27 20:51:25,615 [Worker-30: Building] INFO  o.e.m.c.i.l.LifecycleMappingFactory - Using org.eclipse.m2e.jdt.JarLifecycleMapping lifecycle mapping for MavenProject: com.springs:SpringsProject1:0.0.1-SNAPSHOT @ /home/bhojeshmanu/Documents/SpringFrameWork/Springs/SpringsProject1/pom.xml.
2023-09-27 20:51:25,837 [Worker-30: Building] INFO  o.a.m.s.f.DefaultMavenResourcesFiltering - skip non existing resourceDirectory /home/bhojeshmanu/Documents/SpringFrameWork/Springs/SpringsProject1/src/main/resources
2023-09-27 20:51:25,841 [Worker-30: Building] INFO  o.a.m.s.f.DefaultMavenResourcesFiltering - skip non existing resourceDirectory /home/bhojeshmanu/Documents/SpringFrameWork/Springs/SpringsProject1/src/test/resources
2023-09-27 20:51:26,291 [Worker-30: Building] INFO  o.e.m.c.i.l.LifecycleMappingFactory - Using org.eclipse.m2e.jdt.JarLifecycleMapping lifecycle mapping for MavenProject: com.sy:StudentInfo:0.0.1-SNAPSHOT @ /home/bhojeshmanu/Documents/SpringFrameWork/Springs/StudentInfo/pom.xml.
2023-09-27 20:51:26,818 [Worker-30: Building] INFO  o.a.m.s.f.DefaultMavenResourcesFiltering - skip non existing resourceDirectory /home/bhojeshmanu/Documents/SpringFrameWork/Springs/StudentInfo/src/main/resources
2023-09-27 20:51:26,821 [Worker-30: Building] INFO  o.a.m.s.f.DefaultMavenResourcesFiltering - skip non existing resourceDirectory /home/bhojeshmanu/Documents/SpringFrameWork/Springs/StudentInfo/src/test/resources
2023-09-27 20:52:00,363 [Worker-31: Building] INFO  o.e.m.c.i.l.LifecycleMappingFactory - Using org.eclipse.m2e.jdt.JarLifecycleMapping lifecycle mapping for MavenProject: com.sy:MyFirstSpringBootProject:0.0.1-SNAPSHOT @ /home/bhojeshmanu/Documents/SpringFrameWork/SpringBoot/MyFirstSpringBootProject/pom.xml.
2023-09-27 20:52:00,856 [Worker-31: Building] INFO  o.a.m.s.f.DefaultMavenResourcesFiltering - Copying 1 resource from src/main/resources to target/classes
2023-09-27 20:52:00,890 [Worker-31: Building] INFO  o.a.m.s.f.DefaultMavenResourcesFiltering - Copying 0 resource from src/main/resources to target/classes
2023-09-27 20:52:00,896 [Worker-31: Building] INFO  o.a.m.s.f.DefaultMavenResourcesFiltering - skip non existing resourceDirectory /home/bhojeshmanu/Documents/SpringFrameWork/SpringBoot/MyFirstSpringBootProject/src/test/resources
2023-09-27 20:52:01,794 [Worker-21: Updating Maven Dependencies] INFO  o.e.m.c.i.l.LifecycleMappingFactory - Using org.eclipse.m2e.jdt.JarLifecycleMapping lifecycle mapping for MavenProject: com.restapi:RestFullApi:0.0.1-SNAPSHOT @ /home/bhojeshmanu/Documents/SpringFrameWork/SpringBoot/RestFullApi/pom.xml.
2023-09-27 20:52:02,324 [Worker-20: Building] INFO  o.e.m.c.i.l.LifecycleMappingFactory - Using org.eclipse.m2e.jdt.JarLifecycleMapping lifecycle mapping for MavenProject: com.restapi:RestFullApi:0.0.1-SNAPSHOT @ /home/bhojeshmanu/Documents/SpringFrameWork/SpringBoot/RestFullApi/pom.xml.
2023-09-27 20:52:03,082 [Worker-20: Building] INFO  o.a.m.s.f.DefaultMavenResourcesFiltering - Copying 1 resource from src/main/resources to target/classes
2023-09-27 20:52:03,117 [Worker-20: Building] INFO  o.a.m.s.f.DefaultMavenResourcesFiltering - Copying 0 resource from src/main/resources to target/classes
2023-09-27 20:52:03,128 [Worker-20: Building] INFO  o.a.m.s.f.DefaultMavenResourcesFiltering - skip non existing resourceDirectory /home/bhojeshmanu/Documents/SpringFrameWork/SpringBoot/RestFullApi/src/test/resources
2023-09-27 20:52:04,357 [Worker-22: Building] INFO  o.e.m.c.i.l.LifecycleMappingFactory - Using org.eclipse.m2e.jdt.JarLifecycleMapping lifecycle mapping for MavenProject: com.products:SecondSpringBootProject:0.0.1-SNAPSHOT @ /home/bhojeshmanu/Documents/SpringFrameWork/SpringBoot/SecondSpringBootProject/pom.xml.
2023-09-27 20:52:04,798 [Worker-22: Building] INFO  o.a.m.s.f.DefaultMavenResourcesFiltering - Copying 1 resource from src/main/resources to target/classes
2023-09-27 20:52:04,824 [Worker-22: Building] INFO  o.a.m.s.f.DefaultMavenResourcesFiltering - Copying 0 resource from src/main/resources to target/classes
2023-09-27 20:52:04,830 [Worker-22: Building] INFO  o.a.m.s.f.DefaultMavenResourcesFiltering - skip non existing resourceDirectory /home/bhojeshmanu/Documents/SpringFrameWork/SpringBoot/SecondSpringBootProject/src/test/resources
2023-09-27 20:52:05,615 [Worker-23: Updating Maven Dependencies] INFO  o.e.m.c.i.l.LifecycleMappingFactory - Using org.eclipse.m2e.jdt.JarLifecycleMapping lifecycle mapping for MavenProject: com.restapi:RestFullApi:0.0.1-SNAPSHOT @ /home/bhojeshmanu/Documents/SpringFrameWork/SpringBoot/RestFullApi/pom.xml.
2023-09-27 20:52:06,231 [Worker-31: Building] INFO  o.e.m.c.i.l.LifecycleMappingFactory - Using org.eclipse.m2e.jdt.JarLifecycleMapping lifecycle mapping for MavenProject: com.signup:SignUpProject:0.0.1-SNAPSHOT @ /home/bhojeshmanu/Documents/SpringFrameWork/SpringBoot/SignUpProject/pom.xml.
2023-09-27 20:52:06,950 [Worker-31: Building] INFO  o.a.m.s.f.DefaultMavenResourcesFiltering - Copying 1 resource from src/main/resources to target/classes
2023-09-27 20:52:07,001 [Worker-31: Building] INFO  o.a.m.s.f.DefaultMavenResourcesFiltering - Copying 1 resource from src/main/resources to target/classes
2023-09-27 20:52:07,023 [Worker-31: Building] INFO  o.a.m.s.f.DefaultMavenResourcesFiltering - skip non existing resourceDirectory /home/bhojeshmanu/Documents/SpringFrameWork/SpringBoot/SignUpProject/src/test/resources
2023-09-27 20:52:08,658 [Worker-25: Building] INFO  o.e.m.c.i.l.LifecycleMappingFactory - Using org.eclipse.m2e.jdt.JarLifecycleMapping lifecycle mapping for MavenProject: com.students:StudentManagmentSystem:0.0.1-SNAPSHOT @ /home/bhojeshmanu/Documents/SpringFrameWork/SpringBoot/StudentManagmentSystem/pom.xml.
2023-09-27 20:52:09,253 [Worker-25: Building] INFO  o.a.m.s.f.DefaultMavenResourcesFiltering - Copying 1 resource from src/main/resources to target/classes
2023-09-27 20:52:09,278 [Worker-25: Building] INFO  o.a.m.s.f.DefaultMavenResourcesFiltering - Copying 0 resource from src/main/resources to target/classes
2023-09-27 20:52:09,284 [Worker-25: Building] INFO  o.a.m.s.f.DefaultMavenResourcesFiltering - skip non existing resourceDirectory /home/bhojeshmanu/Documents/SpringFrameWork/SpringBoot/StudentManagmentSystem/src/test/resources
2023-09-27 20:52:09,723 [Worker-21: Updating Maven Dependencies] INFO  o.e.m.c.i.l.LifecycleMappingFactory - Using org.eclipse.m2e.jdt.JarLifecycleMapping lifecycle mapping for MavenProject: com.restapi:RestFullApi:0.0.1-SNAPSHOT @ /home/bhojeshmanu/Documents/SpringFrameWork/SpringBoot/RestFullApi/pom.xml.
2023-09-27 20:54:47,838 [Worker-35: Building] WARN  o.a.m.s.f.DefaultMavenResourcesFiltering - Using platform encoding (UTF-8 actually) to copy filtered resources, i.e. build is platform dependent!
2023-09-27 20:54:47,842 [Worker-35: Building] INFO  o.a.m.s.f.DefaultMavenResourcesFiltering - Copying 0 resource from src/main/resources to target/classes
2023-09-27 20:54:47,846 [Worker-35: Building] WARN  o.a.m.s.f.DefaultMavenResourcesFiltering - Using platform encoding (UTF-8 actually) to copy filtered resources, i.e. build is platform dependent!
2023-09-27 20:54:47,847 [Worker-35: Building] INFO  o.a.m.s.f.DefaultMavenResourcesFiltering - Copying 0 resource from src/test/resources to target/test-classes
2023-09-27 21:00:35,955 [Worker-42: Building] WARN  o.a.m.s.f.DefaultMavenResourcesFiltering - Using platform encoding (UTF-8 actually) to copy filtered resources, i.e. build is platform dependent!
2023-09-27 21:00:35,956 [Worker-42: Building] INFO  o.a.m.s.f.DefaultMavenResourcesFiltering - Copying 0 resource from src/main/resources to target/classes
2023-09-27 21:00:35,961 [Worker-42: Building] WARN  o.a.m.s.f.DefaultMavenResourcesFiltering - Using platform encoding (UTF-8 actually) to copy filtered resources, i.e. build is platform dependent!
2023-09-27 21:00:35,962 [Worker-42: Building] INFO  o.a.m.s.f.DefaultMavenResourcesFiltering - Copying 0 resource from src/test/resources to target/test-classes
2023-09-27 21:00:59,491 [Worker-36: Building] WARN  o.a.m.s.f.DefaultMavenResourcesFiltering - Using platform encoding (UTF-8 actually) to copy filtered resources, i.e. build is platform dependent!
2023-09-27 21:00:59,492 [Worker-36: Building] INFO  o.a.m.s.f.DefaultMavenResourcesFiltering - Copying 0 resource from src/main/resources to target/classes
2023-09-27 21:00:59,495 [Worker-36: Building] WARN  o.a.m.s.f.DefaultMavenResourcesFiltering - Using platform encoding (UTF-8 actually) to copy filtered resources, i.e. build is platform dependent!
2023-09-27 21:00:59,496 [Worker-36: Building] INFO  o.a.m.s.f.DefaultMavenResourcesFiltering - Copying 0 resource from src/test/resources to target/test-classes
2023-09-27 21:01:11,860 [Worker-45: Building] WARN  o.a.m.s.f.DefaultMavenResourcesFiltering - Using platform encoding (UTF-8 actually) to copy filtered resources, i.e. build is platform dependent!
2023-09-27 21:01:11,861 [Worker-45: Building] INFO  o.a.m.s.f.DefaultMavenResourcesFiltering - Copying 0 resource from src/main/resources to target/classes
2023-09-27 21:01:11,864 [Worker-45: Building] WARN  o.a.m.s.f.DefaultMavenResourcesFiltering - Using platform encoding (UTF-8 actually) to copy filtered resources, i.e. build is platform dependent!
2023-09-27 21:01:11,865 [Worker-45: Building] INFO  o.a.m.s.f.DefaultMavenResourcesFiltering - Copying 0 resource from src/test/resources to target/test-classes
